<?xml version="1.0" encoding="UTF-8"?>
<!-- Generated by org.testng.reporters.JUnitReportReporter -->
<testsuite skipped="0" hostname="qainfotech-OptiPlex-755" name="testClasses.TatocBasic" tests="2" failures="0" timestamp="22 Jun 2018 13:10:51 GMT" time="1.283" errors="0">
  <testcase name="Step01_Launch_HomePage" time="0.949" classname="testClasses.TatocBasic"/>
  <testcase name="Step02_Launch_GridGatePage" time="0.334" classname="testClasses.TatocBasic"/>
</testsuite> <!-- testClasses.TatocBasic -->
